<?xml version="1.0" encoding="UTF-8"?>
<!-- Generated by org.testng.reporters.JUnitReportReporter -->
<testsuite hostname="DESKTOP-CSJEUIB" failures="0" tests="3" name="testng_automation_code_jan_31st_2023.Annotations" time="0.012" errors="0" timestamp="2023-02-04T21:16:43 CST" skipped="0">
  <testcase classname="testng_automation_code_jan_31st_2023.Annotations" name="testCase2" time="0.002"/>
  <system-out/>
  <testcase classname="testng_automation_code_jan_31st_2023.Annotations" name="testCase3" time="0.002"/>
  <system-out/>
  <testcase classname="testng_automation_code_jan_31st_2023.Annotations" name="testCase1" time="0.008"/>
  <system-out/>
</testsuite> <!-- testng_automation_code_jan_31st_2023.Annotations -->
